<?xml version="1.0" encoding="UTF-8"?>
<!-- Generated by org.testng.reporters.JUnitXMLReporter -->
<testsuite hostname="LAPTOP-3L5DI794" name="Default test" tests="6" failures="0" timestamp="1 Feb 2021 06:15:14 GMT" time="265.368" errors="0">
  <testcase name="addAnnouncementTest" time="211.374" classname="TestScripts.AnnouncementTest"/>
  <testcase name="editAnnoucementTest" time="22.349" classname="TestScripts.AnnouncementTest"/>
  <testcase name="disableAnnouncementCommentsTest" time="7.325" classname="TestScripts.AnnouncementTest"/>
  <testcase name="enableAnnouncementCommentsTest" time="5.933" classname="TestScripts.AnnouncementTest"/>
  <testcase name="announcementCommentTest" time="15.798" classname="TestScripts.AnnouncementTest"/>
  <testcase name="deleteAnnouncementTest" time="1.366" classname="TestScripts.AnnouncementTest"/>
</testsuite> <!-- Default test -->
