<?xml version="1.0" encoding="UTF-8"?>
<!-- Generated by org.testng.reporters.JUnitXMLReporter -->
<testsuite hostname="LAPTOP-3L5DI794" name="Default test" tests="6" failures="0" timestamp="9 Feb 2021 08:38:40 GMT" time="268.766" errors="0">
  <testcase name="addAnnouncementTest" time="214.195" classname="TestScripts.AnnouncementTest"/>
  <testcase name="editAnnoucementTest" time="22.693" classname="TestScripts.AnnouncementTest"/>
  <testcase name="disableAnnouncementCommentsTest" time="7.728" classname="TestScripts.AnnouncementTest"/>
  <testcase name="enableAnnouncementCommentsTest" time="4.991" classname="TestScripts.AnnouncementTest"/>
  <testcase name="announcementCommentTest" time="16.186" classname="TestScripts.AnnouncementTest"/>
  <testcase name="deleteAnnouncementTest" time="1.431" classname="TestScripts.AnnouncementTest"/>
</testsuite> <!-- Default test -->
