<?xml version="1.0" encoding="UTF-8"?>
<testng-results skipped="0" failed="0" total="6" passed="6">
  <reporter-output>
  </reporter-output>
  <suite name="Default suite" duration-ms="265368" started-at="2021-02-01T06:10:49Z" finished-at="2021-02-01T06:15:14Z">
    <groups>
    </groups>
    <test name="Default test" duration-ms="265368" started-at="2021-02-01T06:10:49Z" finished-at="2021-02-01T06:15:14Z">
      <class name="TestScripts.AnnouncementTest">
        <test-method status="PASS" signature="setUP()[pri:0, instance:TestScripts.AnnouncementTest@4566e5bd]" name="setUP" is-config="true" duration-ms="13384" started-at="2021-02-01T11:40:36Z" finished-at="2021-02-01T11:40:49Z">
          <reporter-output>
          </reporter-output>
        </test-method> <!-- setUP -->
        <test-method status="PASS" signature="setup()[pri:0, instance:TestScripts.AnnouncementTest@4566e5bd]" name="setup" is-config="true" duration-ms="967" started-at="2021-02-01T11:40:49Z" finished-at="2021-02-01T11:40:50Z">
          <reporter-output>
          </reporter-output>
        </test-method> <!-- setup -->
        <test-method status="PASS" signature="addAnnouncementTest()[pri:0, instance:TestScripts.AnnouncementTest@4566e5bd]" name="addAnnouncementTest" duration-ms="211374" started-at="2021-02-01T11:40:50Z" finished-at="2021-02-01T11:44:21Z">
          <reporter-output>
          </reporter-output>
        </test-method> <!-- addAnnouncementTest -->
        <test-method status="PASS" signature="testReportResult(org.testng.ITestResult)[pri:0, instance:TestScripts.AnnouncementTest@4566e5bd]" name="testReportResult" is-config="true" duration-ms="5" started-at="2021-02-01T11:44:21Z" finished-at="2021-02-01T11:44:21Z">
          <params>
            <param index="0">
              <value>
                <![CDATA[[TestResult name=addAnnouncementTest status=SUCCESS method=AnnouncementTest.addAnnouncementTest()[pri:0, instance:TestScripts.AnnouncementTest@4566e5bd] output={null}]]]>
              </value>
            </param>
          </params>
          <reporter-output>
          </reporter-output>
        </test-method> <!-- testReportResult -->
        <test-method status="PASS" signature="setup()[pri:0, instance:TestScripts.AnnouncementTest@4566e5bd]" name="setup" is-config="true" duration-ms="74" started-at="2021-02-01T11:44:21Z" finished-at="2021-02-01T11:44:21Z">
          <reporter-output>
          </reporter-output>
        </test-method> <!-- setup -->
        <test-method status="PASS" signature="editAnnoucementTest()[pri:1, instance:TestScripts.AnnouncementTest@4566e5bd]" name="editAnnoucementTest" duration-ms="22349" started-at="2021-02-01T11:44:21Z" finished-at="2021-02-01T11:44:44Z">
          <reporter-output>
          </reporter-output>
        </test-method> <!-- editAnnoucementTest -->
        <test-method status="PASS" signature="testReportResult(org.testng.ITestResult)[pri:0, instance:TestScripts.AnnouncementTest@4566e5bd]" name="testReportResult" is-config="true" duration-ms="1" started-at="2021-02-01T11:44:44Z" finished-at="2021-02-01T11:44:44Z">
          <params>
            <param index="0">
              <value>
                <![CDATA[[TestResult name=editAnnoucementTest status=SUCCESS method=AnnouncementTest.editAnnoucementTest()[pri:1, instance:TestScripts.AnnouncementTest@4566e5bd] output={null}]]]>
              </value>
            </param>
          </params>
          <reporter-output>
          </reporter-output>
        </test-method> <!-- testReportResult -->
        <test-method status="PASS" signature="setup()[pri:0, instance:TestScripts.AnnouncementTest@4566e5bd]" name="setup" is-config="true" duration-ms="48" started-at="2021-02-01T11:44:44Z" finished-at="2021-02-01T11:44:44Z">
          <reporter-output>
          </reporter-output>
        </test-method> <!-- setup -->
        <test-method status="PASS" signature="disableAnnouncementCommentsTest()[pri:2, instance:TestScripts.AnnouncementTest@4566e5bd]" name="disableAnnouncementCommentsTest" duration-ms="7325" started-at="2021-02-01T11:44:44Z" finished-at="2021-02-01T11:44:51Z">
          <reporter-output>
          </reporter-output>
        </test-method> <!-- disableAnnouncementCommentsTest -->
        <test-method status="PASS" signature="testReportResult(org.testng.ITestResult)[pri:0, instance:TestScripts.AnnouncementTest@4566e5bd]" name="testReportResult" is-config="true" duration-ms="1" started-at="2021-02-01T11:44:51Z" finished-at="2021-02-01T11:44:51Z">
          <params>
            <param index="0">
              <value>
                <![CDATA[[TestResult name=disableAnnouncementCommentsTest status=SUCCESS method=AnnouncementTest.disableAnnouncementCommentsTest()[pri:2, instance:TestScripts.AnnouncementTest@4566e5bd] output={null}]]]>
              </value>
            </param>
          </params>
          <reporter-output>
          </reporter-output>
        </test-method> <!-- testReportResult -->
        <test-method status="PASS" signature="setup()[pri:0, instance:TestScripts.AnnouncementTest@4566e5bd]" name="setup" is-config="true" duration-ms="35" started-at="2021-02-01T11:44:51Z" finished-at="2021-02-01T11:44:51Z">
          <reporter-output>
          </reporter-output>
        </test-method> <!-- setup -->
        <test-method status="PASS" signature="enableAnnouncementCommentsTest()[pri:3, instance:TestScripts.AnnouncementTest@4566e5bd]" name="enableAnnouncementCommentsTest" duration-ms="5933" started-at="2021-02-01T11:44:51Z" finished-at="2021-02-01T11:44:57Z">
          <reporter-output>
          </reporter-output>
        </test-method> <!-- enableAnnouncementCommentsTest -->
        <test-method status="PASS" signature="testReportResult(org.testng.ITestResult)[pri:0, instance:TestScripts.AnnouncementTest@4566e5bd]" name="testReportResult" is-config="true" duration-ms="0" started-at="2021-02-01T11:44:57Z" finished-at="2021-02-01T11:44:57Z">
          <params>
            <param index="0">
              <value>
                <![CDATA[[TestResult name=enableAnnouncementCommentsTest status=SUCCESS method=AnnouncementTest.enableAnnouncementCommentsTest()[pri:3, instance:TestScripts.AnnouncementTest@4566e5bd] output={null}]]]>
              </value>
            </param>
          </params>
          <reporter-output>
          </reporter-output>
        </test-method> <!-- testReportResult -->
        <test-method status="PASS" signature="setup()[pri:0, instance:TestScripts.AnnouncementTest@4566e5bd]" name="setup" is-config="true" duration-ms="29" started-at="2021-02-01T11:44:57Z" finished-at="2021-02-01T11:44:57Z">
          <reporter-output>
          </reporter-output>
        </test-method> <!-- setup -->
        <test-method status="PASS" signature="announcementCommentTest()[pri:4, instance:TestScripts.AnnouncementTest@4566e5bd]" name="announcementCommentTest" duration-ms="15798" started-at="2021-02-01T11:44:57Z" finished-at="2021-02-01T11:45:13Z">
          <reporter-output>
          </reporter-output>
        </test-method> <!-- announcementCommentTest -->
        <test-method status="PASS" signature="testReportResult(org.testng.ITestResult)[pri:0, instance:TestScripts.AnnouncementTest@4566e5bd]" name="testReportResult" is-config="true" duration-ms="1" started-at="2021-02-01T11:45:13Z" finished-at="2021-02-01T11:45:13Z">
          <params>
            <param index="0">
              <value>
                <![CDATA[[TestResult name=announcementCommentTest status=SUCCESS method=AnnouncementTest.announcementCommentTest()[pri:4, instance:TestScripts.AnnouncementTest@4566e5bd] output={null}]]]>
              </value>
            </param>
          </params>
          <reporter-output>
          </reporter-output>
        </test-method> <!-- testReportResult -->
        <test-method status="PASS" signature="setup()[pri:0, instance:TestScripts.AnnouncementTest@4566e5bd]" name="setup" is-config="true" duration-ms="32" started-at="2021-02-01T11:45:13Z" finished-at="2021-02-01T11:45:13Z">
          <reporter-output>
          </reporter-output>
        </test-method> <!-- setup -->
        <test-method status="PASS" signature="deleteAnnouncementTest()[pri:5, instance:TestScripts.AnnouncementTest@4566e5bd]" name="deleteAnnouncementTest" duration-ms="1366" started-at="2021-02-01T11:45:13Z" finished-at="2021-02-01T11:45:14Z">
          <reporter-output>
          </reporter-output>
        </test-method> <!-- deleteAnnouncementTest -->
        <test-method status="PASS" signature="testReportResult(org.testng.ITestResult)[pri:0, instance:TestScripts.AnnouncementTest@4566e5bd]" name="testReportResult" is-config="true" duration-ms="0" started-at="2021-02-01T11:45:14Z" finished-at="2021-02-01T11:45:14Z">
          <params>
            <param index="0">
              <value>
                <![CDATA[[TestResult name=deleteAnnouncementTest status=SUCCESS method=AnnouncementTest.deleteAnnouncementTest()[pri:5, instance:TestScripts.AnnouncementTest@4566e5bd] output={null}]]]>
              </value>
            </param>
          </params>
          <reporter-output>
          </reporter-output>
        </test-method> <!-- testReportResult -->
        <test-method status="PASS" signature="endSuite()[pri:0, instance:TestScripts.AnnouncementTest@4566e5bd]" name="endSuite" is-config="true" duration-ms="1117" started-at="2021-02-01T11:45:14Z" finished-at="2021-02-01T11:45:15Z">
          <reporter-output>
          </reporter-output>
        </test-method> <!-- endSuite -->
      </class> <!-- TestScripts.AnnouncementTest -->
    </test> <!-- Default test -->
  </suite> <!-- Default suite -->
</testng-results>
