<?xml version="1.0" encoding="UTF-8"?>
<testng-results skipped="0" failed="0" total="1" passed="1">
  <reporter-output>
  </reporter-output>
  <suite name="Default suite" duration-ms="217979" started-at="2021-01-21T13:32:29Z" finished-at="2021-01-21T13:36:07Z">
    <groups>
    </groups>
    <test name="Default test" duration-ms="217979" started-at="2021-01-21T13:32:29Z" finished-at="2021-01-21T13:36:07Z">
      <class name="TestScripts.ClassFeedTest">
        <test-method status="PASS" signature="setUP()[pri:0, instance:TestScripts.ClassFeedTest@72d818d1]" name="setUP" is-config="true" duration-ms="13430" started-at="2021-01-21T19:02:15Z" finished-at="2021-01-21T19:02:29Z">
          <reporter-output>
          </reporter-output>
        </test-method> <!-- setUP -->
        <test-method status="PASS" signature="setup()[pri:0, instance:TestScripts.ClassFeedTest@72d818d1]" name="setup" is-config="true" duration-ms="236" started-at="2021-01-21T19:02:29Z" finished-at="2021-01-21T19:02:29Z">
          <reporter-output>
          </reporter-output>
        </test-method> <!-- setup -->
        <test-method status="PASS" signature="classFeedAnnouncementTest()[pri:0, instance:TestScripts.ClassFeedTest@72d818d1]" name="classFeedAnnouncementTest" duration-ms="217724" started-at="2021-01-21T19:02:29Z" finished-at="2021-01-21T19:06:07Z">
          <reporter-output>
          </reporter-output>
        </test-method> <!-- classFeedAnnouncementTest -->
      </class> <!-- TestScripts.ClassFeedTest -->
    </test> <!-- Default test -->
  </suite> <!-- Default suite -->
</testng-results>
